[debug] [2026-01-31T19:09:35.793Z] > command requires scopes: ["email","openid","https://www.googleapis.com/auth/cloudplatformprojects.readonly","https://www.googleapis.com/auth/firebase","https://www.googleapis.com/auth/cloud-platform"]
[debug] [2026-01-31T19:09:35.796Z] > authorizing via signed-in user (psh9907@gmail.com)
[debug] [2026-01-31T19:09:35.824Z] > command requires scopes: ["email","openid","https://www.googleapis.com/auth/cloudplatformprojects.readonly","https://www.googleapis.com/auth/firebase","https://www.googleapis.com/auth/cloud-platform"]
[debug] [2026-01-31T19:09:35.824Z] > authorizing via signed-in user (psh9907@gmail.com)
[debug] [2026-01-31T19:09:35.894Z] Checked if tokens are valid: false, expires at: 1769704092509
[debug] [2026-01-31T19:09:35.896Z] Checked if tokens are valid: false, expires at: 1769704092509
[debug] [2026-01-31T19:09:35.897Z] > refreshing access token with scopes: []
[debug] [2026-01-31T19:09:35.898Z] >>> [apiv2][query] POST https://www.googleapis.com/oauth2/v3/token [none]
[debug] [2026-01-31T19:09:35.898Z] >>> [apiv2][body] POST https://www.googleapis.com/oauth2/v3/token [omitted]
[debug] [2026-01-31T19:09:35.904Z] Checked if tokens are valid: false, expires at: 1769704092509
[debug] [2026-01-31T19:09:35.905Z] Checked if tokens are valid: false, expires at: 1769704092509
[debug] [2026-01-31T19:09:35.905Z] > refreshing access token with scopes: []
[debug] [2026-01-31T19:09:35.905Z] >>> [apiv2][query] POST https://www.googleapis.com/oauth2/v3/token [none]
[debug] [2026-01-31T19:09:35.905Z] >>> [apiv2][body] POST https://www.googleapis.com/oauth2/v3/token [omitted]
[debug] [2026-01-31T19:09:36.085Z] <<< [apiv2][status] POST https://www.googleapis.com/oauth2/v3/token 200
[debug] [2026-01-31T19:09:36.085Z] <<< [apiv2][body] POST https://www.googleapis.com/oauth2/v3/token [omitted]
[debug] [2026-01-31T19:09:36.110Z] >>> [apiv2][query] GET https://serviceusage.googleapis.com/v1/projects//services/firebaseappdistribution.googleapis.com [none]
[debug] [2026-01-31T19:09:36.111Z] >>> [apiv2][(partial)header] GET https://serviceusage.googleapis.com/v1/projects//services/firebaseappdistribution.googleapis.com  x-goog-user-project=
[debug] [2026-01-31T19:09:36.112Z] <<< [apiv2][status] POST https://www.googleapis.com/oauth2/v3/token 200
[debug] [2026-01-31T19:09:36.112Z] <<< [apiv2][body] POST https://www.googleapis.com/oauth2/v3/token [omitted]
[debug] [2026-01-31T19:09:36.122Z] >>> [apiv2][query] GET https://serviceusage.googleapis.com/v1/projects//services/firebaseappdistribution.googleapis.com [none]
[debug] [2026-01-31T19:09:36.123Z] >>> [apiv2][(partial)header] GET https://serviceusage.googleapis.com/v1/projects//services/firebaseappdistribution.googleapis.com  x-goog-user-project=
[debug] [2026-01-31T19:09:37.228Z] <<< [apiv2][status] GET https://serviceusage.googleapis.com/v1/projects//services/firebaseappdistribution.googleapis.com 400
[debug] [2026-01-31T19:09:37.228Z] <<< [apiv2][body] GET https://serviceusage.googleapis.com/v1/projects//services/firebaseappdistribution.googleapis.com [omitted]
[debug] [2026-01-31T19:09:37.240Z] > command requires scopes: ["email","openid","https://www.googleapis.com/auth/cloudplatformprojects.readonly","https://www.googleapis.com/auth/firebase","https://www.googleapis.com/auth/cloud-platform"]
[debug] [2026-01-31T19:09:37.240Z] > authorizing via signed-in user (psh9907@gmail.com)
[debug] [2026-01-31T19:09:37.241Z] > command requires scopes: ["email","openid","https://www.googleapis.com/auth/cloudplatformprojects.readonly","https://www.googleapis.com/auth/firebase","https://www.googleapis.com/auth/cloud-platform"]
[debug] [2026-01-31T19:09:37.242Z] > authorizing via signed-in user (psh9907@gmail.com)
[debug] [2026-01-31T19:09:37.246Z] <<< [apiv2][status] GET https://serviceusage.googleapis.com/v1/projects//services/firebaseappdistribution.googleapis.com 400
[debug] [2026-01-31T19:09:37.246Z] <<< [apiv2][body] GET https://serviceusage.googleapis.com/v1/projects//services/firebaseappdistribution.googleapis.com [omitted]
[debug] [2026-01-31T19:09:37.248Z] > command requires scopes: ["email","openid","https://www.googleapis.com/auth/cloudplatformprojects.readonly","https://www.googleapis.com/auth/firebase","https://www.googleapis.com/auth/cloud-platform"]
[debug] [2026-01-31T19:09:37.248Z] > authorizing via signed-in user (psh9907@gmail.com)
[debug] [2026-01-31T19:09:37.250Z] > command requires scopes: ["email","openid","https://www.googleapis.com/auth/cloudplatformprojects.readonly","https://www.googleapis.com/auth/firebase","https://www.googleapis.com/auth/cloud-platform"]
[debug] [2026-01-31T19:09:37.250Z] > authorizing via signed-in user (psh9907@gmail.com)
